2021-01-02T08:58:20+00:00 CRITICAL Uncaught Error: Call to undefined function edit_post_link() in E:\OSPanel\domains\localhost\flash\wp-content\themes\flash\template-parts\content-page.php:34
Stack trace:
#0 E:\OSPanel\domains\localhost\flash\wp-includes\template.php(732): require()
#1 E:\OSPanel\domains\localhost\flash\wp-includes\template.php(676): load_template('E:\\OSPanel\\doma...', false, Array)
#2 E:\OSPanel\domains\localhost\flash\wp-includes\general-template.php(204): locate_template(Array, true, false, Array)
#3 E:\OSPanel\domains\localhost\flash\wp-content\themes\flash\page.php(29): get_template_part('template-parts/...', 'page')
#4 E:\OSPanel\domains\localhost\flash\wp-includes\template-loader.php(106): include('E:\\OSPanel\\doma...')
#5 E:\OSPanel\domains\localhost\flash\wp-blog-header.php(19): require_once('E:\\OSPanel\\doma...')
#6 E:\OSPanel\domains\localhost\flash\index.php(17): require('E:\\OSPanel\\doma...')
#7 {main}
  thrown в E:\OSPanel\domains\localhost\flash\wp-content\themes\flash\template-parts\content-page.php на строке 34

2021-01-02T08:58:39+00:00 CRITICAL Uncaught Error: Call to undefined function edit_post_link() in E:\OSPanel\domains\localhost\flash\wp-content\themes\flash\template-parts\content-page.php:34
Stack trace:
#0 E:\OSPanel\domains\localhost\flash\wp-includes\template.php(732): require()
#1 E:\OSPanel\domains\localhost\flash\wp-includes\template.php(676): load_template('E:\\OSPanel\\doma...', false, Array)
#2 E:\OSPanel\domains\localhost\flash\wp-includes\general-template.php(204): locate_template(Array, true, false, Array)
#3 E:\OSPanel\domains\localhost\flash\wp-content\themes\flash\page.php(29): get_template_part('template-parts/...', 'page')
#4 E:\OSPanel\domains\localhost\flash\wp-includes\template-loader.php(106): include('E:\\OSPanel\\doma...')
#5 E:\OSPanel\domains\localhost\flash\wp-blog-header.php(19): require_once('E:\\OSPanel\\doma...')
#6 E:\OSPanel\domains\localhost\flash\index.php(17): require('E:\\OSPanel\\doma...')
#7 {main}
  thrown в E:\OSPanel\domains\localhost\flash\wp-content\themes\flash\template-parts\content-page.php на строке 34

2021-01-02T09:01:31+00:00 CRITICAL Uncaught Error: Call to undefined function get_edit_post_link() in E:\OSPanel\domains\localhost\flash\wp-includes\admin-bar.php:789
Stack trace:
#0 E:\OSPanel\domains\localhost\flash\wp-includes\class-wp-hook.php(287): wp_admin_bar_edit_menu(Object(WP_Admin_Bar))
#1 E:\OSPanel\domains\localhost\flash\wp-includes\class-wp-hook.php(311): WP_Hook->apply_filters(NULL, Array)
#2 E:\OSPanel\domains\localhost\flash\wp-includes\plugin.php(551): WP_Hook->do_action(Array)
#3 E:\OSPanel\domains\localhost\flash\wp-includes\admin-bar.php(95): do_action_ref_array('admin_bar_menu', Array)
#4 E:\OSPanel\domains\localhost\flash\wp-includes\class-wp-hook.php(287): wp_admin_bar_render('')
#5 E:\OSPanel\domains\localhost\flash\wp-includes\class-wp-hook.php(311): WP_Hook->apply_filters('', Array)
#6 E:\OSPanel\domains\localhost\flash\wp-includes\plugin.php(484): WP_Hook->do_action(Array)
#7 E:\OSPanel\domains\localhost\flash\wp-includes\general-template.php(3037): do_action('wp_body_open')
#8 E:\OSPanel\domains\localhost\flash\wp в E:\OSPanel\domains\localhost\flash\wp-includes\admin-bar.php на строке 789

